<?xml version="1.0" encoding="UTF-8"?>
<testng-results ignored="4" total="5" passed="1" failed="0" skipped="0">
  <reporter-output>
  </reporter-output>
  <suite started-at="2025-04-06T17:18:34 IST" name="Default suite" finished-at="2025-04-06T17:18:59 IST" duration-ms="24907">
    <groups>
    </groups>
    <test started-at="2025-04-06T17:18:34 IST" name="Default test" finished-at="2025-04-06T17:18:59 IST" duration-ms="24907">
      <class name="tests.Searching">
        <test-method is-config="true" signature="setup()[pri:0, instance:tests.Searching@3bd82cf5]" started-at="2025-04-06T17:18:34 IST" name="setup" finished-at="2025-04-06T17:18:53 IST" duration-ms="19393" status="PASS">
          <reporter-output>
          </reporter-output>
        </test-method> <!-- setup -->
        <test-method signature="search()[pri:1, instance:tests.Searching@3bd82cf5]" started-at="2025-04-06T17:18:53 IST" name="search" finished-at="2025-04-06T17:18:58 IST" duration-ms="5186" status="PASS">
          <reporter-output>
          </reporter-output>
        </test-method> <!-- search -->
        <test-method is-config="true" signature="close()[pri:0, instance:tests.Searching@3bd82cf5]" started-at="2025-04-06T17:18:58 IST" name="close" finished-at="2025-04-06T17:18:59 IST" duration-ms="277" status="PASS">
          <reporter-output>
          </reporter-output>
        </test-method> <!-- close -->
      </class> <!-- tests.Searching -->
    </test> <!-- Default test -->
  </suite> <!-- Default suite -->
</testng-results>
