<?xml version="1.0" encoding="UTF-8"?>
<!-- Generated by org.testng.reporters.JUnitXMLReporter -->
<testsuite ignored="4" hostname="mac" failures="0" tests="1" name="Default test" time="24.907" errors="0" timestamp="2025-04-06T17:18:59 IST">
  <testcase classname="tests.Searching" name="search" time="5.186"/>
  <testcase classname="tests.Searching" name="add" time="0.0">
    <ignored/>
  </testcase> <!-- add -->
  <testcase classname="tests.Searching" name="prod" time="0.0">
    <ignored/>
  </testcase> <!-- prod -->
  <testcase classname="tests.Searching" name="view" time="0.0">
    <ignored/>
  </testcase> <!-- view -->
  <testcase classname="tests.Searching" name="check" time="0.0">
    <ignored/>
  </testcase> <!-- check -->
</testsuite> <!-- Default test -->
